[debug] [2018-05-07T19:51:54.237Z] ----------------------------------------------------------------------
[debug] [2018-05-07T19:51:54.242Z] Command:       /usr/bin/node /home/brecht/.npm-global/bin/firebase deploy --only hosting
[debug] [2018-05-07T19:51:54.242Z] CLI Version:   3.18.4
[debug] [2018-05-07T19:51:54.242Z] Platform:      linux
[debug] [2018-05-07T19:51:54.242Z] Node Version:  v8.11.1
[debug] [2018-05-07T19:51:54.242Z] Time:          Mon May 07 2018 21:51:54 GMT+0200 (CEST)
[debug] [2018-05-07T19:51:54.243Z] ----------------------------------------------------------------------
[debug] 
[debug] [2018-05-07T19:51:54.254Z] > command requires scopes: ["email","openid","https://www.googleapis.com/auth/cloudplatformprojects.readonly","https://www.googleapis.com/auth/firebase","https://www.googleapis.com/auth/cloud-platform"]
[debug] [2018-05-07T19:51:54.254Z] > authorizing via signed-in user
[debug] [2018-05-07T19:51:54.256Z] >>> HTTP REQUEST GET https://admin.firebase.com/v1/projects/project-3359822390427923494  
  
 Mon May 07 2018 21:51:54 GMT+0200 (CEST)
[debug] [2018-05-07T19:51:55.201Z] <<< HTTP RESPONSE 200
[debug] [2018-05-07T19:51:55.203Z] >>> HTTP REQUEST GET https://admin.firebase.com/v1/database/project-3359822390427923494/tokens  
  
 Mon May 07 2018 21:51:55 GMT+0200 (CEST)
[debug] [2018-05-07T19:51:55.907Z] <<< HTTP RESPONSE 200
[info] 
[info] === Deploying to 'project-3359822390427923494'...
[info] 
[info] i  deploying hosting
[info] i  hosting: preparing app/build/es5-bundled directory for upload...
[debug] [2018-05-07T19:51:58.506Z] >>> HTTP REQUEST PUT https://deploy.firebase.com/v1/hosting/project-3359822390427923494/uploads/-LBw9H0FlUzk1bsgewgr?fileCount=302&message=  
  
 Mon May 07 2018 21:51:58 GMT+0200 (CEST)
